<testsuites id="" name="" tests="48" failures="1" skipped="0" errors="0" time="144.775435">
<testsuite name="file-scan-ui.spec.ts" timestamp="2025-08-19T17:47:27.873Z" hostname="chromium" tests="1" failures="0" skipped="0" time="12.988" errors="0">
<testcase name="Antivirus File Scan UI (browser mode) › renders File Scan card and disables actions" classname="file-scan-ui.spec.ts" time="12.988">
<system-out>
<![CDATA[
[[ATTACHMENT|..\file-scan-ui-Antivirus-Fil-4a43e-n-card-and-disables-actions-chromium\test-finished-1.png]]
]]>
</system-out>
</testcase>
</testsuite>
<testsuite name="folder-scan-ui.spec.ts" timestamp="2025-08-19T17:47:27.873Z" hostname="chromium" tests="3" failures="0" skipped="0" time="39.167" errors="0">
<testcase name="SecurityCenter - Folder Scan UI › renders Folder Scan card and controls" classname="folder-scan-ui.spec.ts" time="12.995">
<system-out>
<![CDATA[
[[ATTACHMENT|..\folder-scan-ui-SecurityCen-c6ed8-lder-Scan-card-and-controls-chromium\test-finished-1.png]]
]]>
</system-out>
</testcase>
<testcase name="SecurityCenter - Folder Scan UI › simulates folder scan progress and completion in browser mode" classname="folder-scan-ui.spec.ts" time="13.122">
<system-out>
<![CDATA[
[[ATTACHMENT|..\folder-scan-ui-SecurityCen-0b918--completion-in-browser-mode-chromium\test-finished-1.png]]
]]>
</system-out>
</testcase>
<testcase name="SecurityCenter - Folder Scan UI › simulates cancellation flow in browser mode" classname="folder-scan-ui.spec.ts" time="13.05">
<system-out>
<![CDATA[
[[ATTACHMENT|..\folder-scan-ui-SecurityCen-2e217-lation-flow-in-browser-mode-chromium\test-finished-1.png]]
]]>
</system-out>
</testcase>
</testsuite>
<testsuite name="google-oauth-ui.spec.ts" timestamp="2025-08-19T17:47:27.873Z" hostname="chromium" tests="3" failures="1" skipped="0" time="27.307" errors="0">
<testcase name="Google OAuth UI (browser mode) › dispatching success event transitions to dashboard" classname="google-oauth-ui.spec.ts" time="12.987">
<system-out>
<![CDATA[
[[ATTACHMENT|..\google-oauth-ui-Google-OAu-30636-nt-transitions-to-dashboard-chromium\test-finished-1.png]]
]]>
</system-out>
</testcase>
<testcase name="Google OAuth UI (browser mode) › dispatching error event shows error status and stays on setup" classname="google-oauth-ui.spec.ts" time="12.935">
<failure message="google-oauth-ui.spec.ts:38:3 dispatching error event shows error status and stays on setup" type="FAILURE">
<![CDATA[  [chromium] › google-oauth-ui.spec.ts:38:3 › Google OAuth UI (browser mode) › dispatching error event shows error status and stays on setup 

    Error: Timed out 5000ms waiting for expect(locator).toBeVisible()

    Locator: getByRole('heading', { name: /Setup Required/i })
    Expected: visible
    Received: <element(s) not found>
    Call log:
      - Expect "toBeVisible" with timeout 5000ms
      - waiting for getByRole('heading', { name: /Setup Required/i })


       8 |     await page.waitForLoadState('domcontentloaded');
       9 |     // Expect setup screen (no ?e2e=1 bypass). Heading includes an emoji.
    > 10 |     await expect(page.getByRole('heading', { name: /Setup Required/i })).toBeVisible();
         |                                                                          ^
      11 |     // Ensure Google provider panel is present via main heading
      12 |     await expect(page.getByRole('heading', { name: /Google Gemini API Configuration/i })).toBeVisible();
      13 |   });
        at C:\Users\belal\Documents\oxide-pilot\src-frontend\tests\google-oauth-ui.spec.ts:10:74

    attachment #1: screenshot (image/png) ──────────────────────────────────────────────────────────
    ..\test-results\google-oauth-ui-Google-OAu-f4c88-r-status-and-stays-on-setup-chromium\test-failed-1.png
    ────────────────────────────────────────────────────────────────────────────────────────────────

    attachment #2: browser-console.log (text/plain) ────────────────────────────────────────────────
    [debug] [vite] connecting...
    [debug] [vite] connected.
    ────────────────────────────────────────────────────────────────────────────────────────────────

    attachment #3: video (video/webm) ──────────────────────────────────────────────────────────────
    ..\test-results\google-oauth-ui-Google-OAu-f4c88-r-status-and-stays-on-setup-chromium\video.webm
    ────────────────────────────────────────────────────────────────────────────────────────────────

    Error Context: ..\test-results\google-oauth-ui-Google-OAu-f4c88-r-status-and-stays-on-setup-chromium\error-context.md

    attachment #5: trace (application/zip) ─────────────────────────────────────────────────────────
    ..\test-results\google-oauth-ui-Google-OAu-f4c88-r-status-and-stays-on-setup-chromium\trace.zip
    Usage:

        npx playwright show-trace ..\test-results\google-oauth-ui-Google-OAu-f4c88-r-status-and-stays-on-setup-chromium\trace.zip

    ────────────────────────────────────────────────────────────────────────────────────────────────
]]>
</failure>
<system-out>
<![CDATA[
[[ATTACHMENT|..\google-oauth-ui-Google-OAu-f4c88-r-status-and-stays-on-setup-chromium\test-failed-1.png]]

[[ATTACHMENT|..\google-oauth-ui-Google-OAu-f4c88-r-status-and-stays-on-setup-chromium\video.webm]]

[[ATTACHMENT|..\google-oauth-ui-Google-OAu-f4c88-r-status-and-stays-on-setup-chromium\error-context.md]]

[[ATTACHMENT|..\google-oauth-ui-Google-OAu-f4c88-r-status-and-stays-on-setup-chromium\trace.zip]]
]]>
</system-out>
</testcase>
<testcase name="Google OAuth UI (browser mode) › Clear Session shows browser-mode info message" classname="google-oauth-ui.spec.ts" time="1.385">
<system-out>
<![CDATA[
[[ATTACHMENT|..\google-oauth-ui-Google-OAu-d7ee8-s-browser-mode-info-message-chromium\test-finished-1.png]]
]]>
</system-out>
</testcase>
</testsuite>
<testsuite name="provider-routing.spec.ts" timestamp="2025-08-19T17:47:27.873Z" hostname="chromium" tests="3" failures="0" skipped="0" time="8.498" errors="0">
<testcase name="Provider-aware chat routing › Local provider shows badge, warning, and local-only message" classname="provider-routing.spec.ts" time="2.114">
<system-out>
<![CDATA[
[[ATTACHMENT|..\provider-routing-Provider--b7396-ning-and-local-only-message-chromium\test-finished-1.png]]
]]>
</system-out>
</testcase>
<testcase name="Provider-aware chat routing › Gemini provider falls back to web preview response" classname="provider-routing.spec.ts" time="2.068">
<system-out>
<![CDATA[
[[ATTACHMENT|..\provider-routing-Provider--b2a1d-ack-to-web-preview-response-chromium\test-finished-1.png]]
]]>
</system-out>
</testcase>
<testcase name="Provider-aware chat routing › Qwen provider falls back to web preview response" classname="provider-routing.spec.ts" time="4.316">
<system-out>
<![CDATA[
[[ATTACHMENT|..\provider-routing-Provider--1377b-ack-to-web-preview-response-chromium\test-finished-1.png]]
]]>
</system-out>
</testcase>
</testsuite>
<testsuite name="qwen-device-flow.spec.ts" timestamp="2025-08-19T17:47:27.873Z" hostname="chromium" tests="3" failures="0" skipped="0" time="10.319" errors="0">
<testcase name="Qwen Device Flow UI (browser mode) › success path transitions to dashboard" classname="qwen-device-flow.spec.ts" time="4.5">
<system-out>
<![CDATA[
[[ATTACHMENT|..\qwen-device-flow-Qwen-Devi-592fd-th-transitions-to-dashboard-chromium\test-finished-1.png]]
]]>
</system-out>
</testcase>
<testcase name="Qwen Device Flow UI (browser mode) › error path shows error and stays on setup" classname="qwen-device-flow.spec.ts" time="3.772">
<system-out>
<![CDATA[
[[ATTACHMENT|..\qwen-device-flow-Qwen-Devi-38c9d-ws-error-and-stays-on-setup-chromium\test-finished-1.png]]
]]>
</system-out>
</testcase>
<testcase name="Qwen Device Flow UI (browser mode) › Clear Session shows browser-mode info message" classname="qwen-device-flow.spec.ts" time="2.047">
<system-out>
<![CDATA[
[[ATTACHMENT|..\qwen-device-flow-Qwen-Devi-09bd6-s-browser-mode-info-message-chromium\test-finished-1.png]]
]]>
</system-out>
</testcase>
</testsuite>
<testsuite name="security-performance.spec.ts" timestamp="2025-08-19T17:47:27.873Z" hostname="chromium" tests="2" failures="0" skipped="0" time="9.867" errors="0">
<testcase name="Security &amp; Performance panels (browser mode) › Security tab renders and actions are disabled" classname="security-performance.spec.ts" time="4.761">
<system-out>
<![CDATA[
[[ATTACHMENT|..\security-performance-Secur-9e21e-rs-and-actions-are-disabled-chromium\test-finished-1.png]]
]]>
</system-out>
</testcase>
<testcase name="Security &amp; Performance panels (browser mode) › Performance tab renders and monitoring/clear actions are disabled" classname="security-performance.spec.ts" time="5.106">
<system-out>
<![CDATA[
[[ATTACHMENT|..\security-performance-Secur-91b5b--clear-actions-are-disabled-chromium\test-finished-1.png]]
]]>
</system-out>
</testcase>
</testsuite>
<testsuite name="smoke.spec.ts" timestamp="2025-08-19T17:47:27.873Z" hostname="chromium" tests="1" failures="0" skipped="0" time="4.55" errors="0">
<testcase name="app loads and shows core UI" classname="smoke.spec.ts" time="4.55">
<system-out>
<![CDATA[
[[ATTACHMENT|..\smoke-app-loads-and-shows-core-UI-chromium\test-finished-1.png]]
]]>
</system-out>
</testcase>
</testsuite>
<testsuite name="file-scan-ui.spec.ts" timestamp="2025-08-19T17:47:27.873Z" hostname="firefox" tests="1" failures="0" skipped="0" time="12.163" errors="0">
<testcase name="Antivirus File Scan UI (browser mode) › renders File Scan card and disables actions" classname="file-scan-ui.spec.ts" time="12.163">
<system-out>
<![CDATA[
[[ATTACHMENT|..\file-scan-ui-Antivirus-Fil-4a43e-n-card-and-disables-actions-firefox\test-finished-1.png]]
]]>
</system-out>
</testcase>
</testsuite>
<testsuite name="folder-scan-ui.spec.ts" timestamp="2025-08-19T17:47:27.873Z" hostname="firefox" tests="3" failures="0" skipped="0" time="38.915" errors="0">
<testcase name="SecurityCenter - Folder Scan UI › renders Folder Scan card and controls" classname="folder-scan-ui.spec.ts" time="16.379">
<system-out>
<![CDATA[
[[ATTACHMENT|..\folder-scan-ui-SecurityCen-c6ed8-lder-Scan-card-and-controls-firefox\test-finished-1.png]]
]]>
</system-out>
</testcase>
<testcase name="SecurityCenter - Folder Scan UI › simulates folder scan progress and completion in browser mode" classname="folder-scan-ui.spec.ts" time="10.57">
<system-out>
<![CDATA[
[[ATTACHMENT|..\folder-scan-ui-SecurityCen-0b918--completion-in-browser-mode-firefox\test-finished-1.png]]
]]>
</system-out>
</testcase>
<testcase name="SecurityCenter - Folder Scan UI › simulates cancellation flow in browser mode" classname="folder-scan-ui.spec.ts" time="11.966">
<system-out>
<![CDATA[
[[ATTACHMENT|..\folder-scan-ui-SecurityCen-2e217-lation-flow-in-browser-mode-firefox\test-finished-1.png]]
]]>
</system-out>
</testcase>
</testsuite>
<testsuite name="google-oauth-ui.spec.ts" timestamp="2025-08-19T17:47:27.873Z" hostname="firefox" tests="3" failures="0" skipped="0" time="29.161" errors="0">
<testcase name="Google OAuth UI (browser mode) › dispatching success event transitions to dashboard" classname="google-oauth-ui.spec.ts" time="12.841">
<system-out>
<![CDATA[
[[ATTACHMENT|..\google-oauth-ui-Google-OAu-30636-nt-transitions-to-dashboard-firefox\test-finished-1.png]]
]]>
</system-out>
</testcase>
<testcase name="Google OAuth UI (browser mode) › dispatching error event shows error status and stays on setup" classname="google-oauth-ui.spec.ts" time="7.591">
<system-out>
<![CDATA[
[[ATTACHMENT|..\google-oauth-ui-Google-OAu-f4c88-r-status-and-stays-on-setup-firefox\test-finished-1.png]]
]]>
</system-out>
</testcase>
<testcase name="Google OAuth UI (browser mode) › Clear Session shows browser-mode info message" classname="google-oauth-ui.spec.ts" time="8.729">
<system-out>
<![CDATA[
[[ATTACHMENT|..\google-oauth-ui-Google-OAu-d7ee8-s-browser-mode-info-message-firefox\test-finished-1.png]]
]]>
</system-out>
</testcase>
</testsuite>
<testsuite name="provider-routing.spec.ts" timestamp="2025-08-19T17:47:27.873Z" hostname="firefox" tests="3" failures="0" skipped="0" time="22.566" errors="0">
<testcase name="Provider-aware chat routing › Local provider shows badge, warning, and local-only message" classname="provider-routing.spec.ts" time="6.572">
<system-out>
<![CDATA[
[[ATTACHMENT|..\provider-routing-Provider--b7396-ning-and-local-only-message-firefox\test-finished-1.png]]
]]>
</system-out>
</testcase>
<testcase name="Provider-aware chat routing › Gemini provider falls back to web preview response" classname="provider-routing.spec.ts" time="7.207">
<system-out>
<![CDATA[
[[ATTACHMENT|..\provider-routing-Provider--b2a1d-ack-to-web-preview-response-firefox\test-finished-1.png]]
]]>
</system-out>
</testcase>
<testcase name="Provider-aware chat routing › Qwen provider falls back to web preview response" classname="provider-routing.spec.ts" time="8.787">
<system-out>
<![CDATA[
[[ATTACHMENT|..\provider-routing-Provider--1377b-ack-to-web-preview-response-firefox\test-finished-1.png]]
]]>
</system-out>
</testcase>
</testsuite>
<testsuite name="qwen-device-flow.spec.ts" timestamp="2025-08-19T17:47:27.873Z" hostname="firefox" tests="3" failures="0" skipped="0" time="24.063" errors="0">
<testcase name="Qwen Device Flow UI (browser mode) › success path transitions to dashboard" classname="qwen-device-flow.spec.ts" time="9.742">
<system-out>
<![CDATA[
[[ATTACHMENT|..\qwen-device-flow-Qwen-Devi-592fd-th-transitions-to-dashboard-firefox\test-finished-1.png]]
]]>
</system-out>
</testcase>
<testcase name="Qwen Device Flow UI (browser mode) › error path shows error and stays on setup" classname="qwen-device-flow.spec.ts" time="7.421">
<system-out>
<![CDATA[
[[ATTACHMENT|..\qwen-device-flow-Qwen-Devi-38c9d-ws-error-and-stays-on-setup-firefox\test-finished-1.png]]
]]>
</system-out>
</testcase>
<testcase name="Qwen Device Flow UI (browser mode) › Clear Session shows browser-mode info message" classname="qwen-device-flow.spec.ts" time="6.9">
<system-out>
<![CDATA[
[[ATTACHMENT|..\qwen-device-flow-Qwen-Devi-09bd6-s-browser-mode-info-message-firefox\test-finished-1.png]]
]]>
</system-out>
</testcase>
</testsuite>
<testsuite name="security-performance.spec.ts" timestamp="2025-08-19T17:47:27.873Z" hostname="firefox" tests="2" failures="0" skipped="0" time="14.783" errors="0">
<testcase name="Security &amp; Performance panels (browser mode) › Security tab renders and actions are disabled" classname="security-performance.spec.ts" time="7.285">
<system-out>
<![CDATA[
[[ATTACHMENT|..\security-performance-Secur-9e21e-rs-and-actions-are-disabled-firefox\test-finished-1.png]]
]]>
</system-out>
</testcase>
<testcase name="Security &amp; Performance panels (browser mode) › Performance tab renders and monitoring/clear actions are disabled" classname="security-performance.spec.ts" time="7.498">
<system-out>
<![CDATA[
[[ATTACHMENT|..\security-performance-Secur-91b5b--clear-actions-are-disabled-firefox\test-finished-1.png]]
]]>
</system-out>
</testcase>
</testsuite>
<testsuite name="smoke.spec.ts" timestamp="2025-08-19T17:47:27.873Z" hostname="firefox" tests="1" failures="0" skipped="0" time="6.498" errors="0">
<testcase name="app loads and shows core UI" classname="smoke.spec.ts" time="6.498">
<system-out>
<![CDATA[
[[ATTACHMENT|..\smoke-app-loads-and-shows-core-UI-firefox\test-finished-1.png]]
]]>
</system-out>
</testcase>
</testsuite>
<testsuite name="file-scan-ui.spec.ts" timestamp="2025-08-19T17:47:27.873Z" hostname="webkit" tests="1" failures="0" skipped="0" time="20.07" errors="0">
<testcase name="Antivirus File Scan UI (browser mode) › renders File Scan card and disables actions" classname="file-scan-ui.spec.ts" time="20.07">
<system-out>
<![CDATA[
[[ATTACHMENT|..\file-scan-ui-Antivirus-Fil-4a43e-n-card-and-disables-actions-webkit\test-finished-1.png]]
]]>
</system-out>
</testcase>
</testsuite>
<testsuite name="folder-scan-ui.spec.ts" timestamp="2025-08-19T17:47:27.873Z" hostname="webkit" tests="3" failures="0" skipped="0" time="63.736" errors="0">
<testcase name="SecurityCenter - Folder Scan UI › renders Folder Scan card and controls" classname="folder-scan-ui.spec.ts" time="22.601">
<system-out>
<![CDATA[
[[ATTACHMENT|..\folder-scan-ui-SecurityCen-c6ed8-lder-Scan-card-and-controls-webkit\test-finished-1.png]]
]]>
</system-out>
</testcase>
<testcase name="SecurityCenter - Folder Scan UI › simulates folder scan progress and completion in browser mode" classname="folder-scan-ui.spec.ts" time="24.886">
<system-out>
<![CDATA[
[[ATTACHMENT|..\folder-scan-ui-SecurityCen-0b918--completion-in-browser-mode-webkit\test-finished-1.png]]
]]>
</system-out>
</testcase>
<testcase name="SecurityCenter - Folder Scan UI › simulates cancellation flow in browser mode" classname="folder-scan-ui.spec.ts" time="16.249">
<system-out>
<![CDATA[
[[ATTACHMENT|..\folder-scan-ui-SecurityCen-2e217-lation-flow-in-browser-mode-webkit\test-finished-1.png]]
]]>
</system-out>
</testcase>
</testsuite>
<testsuite name="google-oauth-ui.spec.ts" timestamp="2025-08-19T17:47:27.873Z" hostname="webkit" tests="3" failures="0" skipped="0" time="35.499" errors="0">
<testcase name="Google OAuth UI (browser mode) › dispatching success event transitions to dashboard" classname="google-oauth-ui.spec.ts" time="14.932">
<system-out>
<![CDATA[
[[ATTACHMENT|..\google-oauth-ui-Google-OAu-30636-nt-transitions-to-dashboard-webkit\test-finished-1.png]]
]]>
</system-out>
</testcase>
<testcase name="Google OAuth UI (browser mode) › dispatching error event shows error status and stays on setup" classname="google-oauth-ui.spec.ts" time="10.928">
<system-out>
<![CDATA[
[[ATTACHMENT|..\google-oauth-ui-Google-OAu-f4c88-r-status-and-stays-on-setup-webkit\test-finished-1.png]]
]]>
</system-out>
</testcase>
<testcase name="Google OAuth UI (browser mode) › Clear Session shows browser-mode info message" classname="google-oauth-ui.spec.ts" time="9.639">
<system-out>
<![CDATA[
[[ATTACHMENT|..\google-oauth-ui-Google-OAu-d7ee8-s-browser-mode-info-message-webkit\test-finished-1.png]]
]]>
</system-out>
</testcase>
</testsuite>
<testsuite name="provider-routing.spec.ts" timestamp="2025-08-19T17:47:27.873Z" hostname="webkit" tests="3" failures="0" skipped="0" time="43.081" errors="0">
<testcase name="Provider-aware chat routing › Local provider shows badge, warning, and local-only message" classname="provider-routing.spec.ts" time="15.041">
<system-out>
<![CDATA[
[[ATTACHMENT|..\provider-routing-Provider--b7396-ning-and-local-only-message-webkit\test-finished-1.png]]
]]>
</system-out>
</testcase>
<testcase name="Provider-aware chat routing › Gemini provider falls back to web preview response" classname="provider-routing.spec.ts" time="14.144">
<system-out>
<![CDATA[
[[ATTACHMENT|..\provider-routing-Provider--b2a1d-ack-to-web-preview-response-webkit\test-finished-1.png]]
]]>
</system-out>
</testcase>
<testcase name="Provider-aware chat routing › Qwen provider falls back to web preview response" classname="provider-routing.spec.ts" time="13.896">
<system-out>
<![CDATA[
[[ATTACHMENT|..\provider-routing-Provider--1377b-ack-to-web-preview-response-webkit\test-finished-1.png]]
]]>
</system-out>
</testcase>
</testsuite>
<testsuite name="qwen-device-flow.spec.ts" timestamp="2025-08-19T17:47:27.873Z" hostname="webkit" tests="3" failures="0" skipped="0" time="46.451" errors="0">
<testcase name="Qwen Device Flow UI (browser mode) › success path transitions to dashboard" classname="qwen-device-flow.spec.ts" time="17.685">
<system-out>
<![CDATA[
[[ATTACHMENT|..\qwen-device-flow-Qwen-Devi-592fd-th-transitions-to-dashboard-webkit\test-finished-1.png]]
]]>
</system-out>
</testcase>
<testcase name="Qwen Device Flow UI (browser mode) › error path shows error and stays on setup" classname="qwen-device-flow.spec.ts" time="12.881">
<system-out>
<![CDATA[
[[ATTACHMENT|..\qwen-device-flow-Qwen-Devi-38c9d-ws-error-and-stays-on-setup-webkit\test-finished-1.png]]
]]>
</system-out>
</testcase>
<testcase name="Qwen Device Flow UI (browser mode) › Clear Session shows browser-mode info message" classname="qwen-device-flow.spec.ts" time="15.885">
<system-out>
<![CDATA[
[[ATTACHMENT|..\qwen-device-flow-Qwen-Devi-09bd6-s-browser-mode-info-message-webkit\test-finished-1.png]]
]]>
</system-out>
</testcase>
</testsuite>
<testsuite name="security-performance.spec.ts" timestamp="2025-08-19T17:47:27.873Z" hostname="webkit" tests="2" failures="0" skipped="0" time="36.64" errors="0">
<testcase name="Security &amp; Performance panels (browser mode) › Security tab renders and actions are disabled" classname="security-performance.spec.ts" time="17.887">
<system-out>
<![CDATA[
[[ATTACHMENT|..\security-performance-Secur-9e21e-rs-and-actions-are-disabled-webkit\test-finished-1.png]]
]]>
</system-out>
</testcase>
<testcase name="Security &amp; Performance panels (browser mode) › Performance tab renders and monitoring/clear actions are disabled" classname="security-performance.spec.ts" time="18.753">
<system-out>
<![CDATA[
[[ATTACHMENT|..\security-performance-Secur-91b5b--clear-actions-are-disabled-webkit\test-finished-1.png]]
]]>
</system-out>
</testcase>
</testsuite>
<testsuite name="smoke.spec.ts" timestamp="2025-08-19T17:47:27.873Z" hostname="webkit" tests="1" failures="0" skipped="0" time="12.483" errors="0">
<testcase name="app loads and shows core UI" classname="smoke.spec.ts" time="12.483">
<system-out>
<![CDATA[
[[ATTACHMENT|..\smoke-app-loads-and-shows-core-UI-webkit\test-finished-1.png]]
]]>
</system-out>
</testcase>
</testsuite>
</testsuites>